<?xml version="1.0" encoding="UTF-8"?>
<!-- Generated by org.testng.reporters.JUnitXMLReporter -->
<testsuite ignored="0" hostname="LAPTOP-VRAFTVET" failures="0" tests="8" name="XYZ Bank Testcases" time="28.108" errors="0" timestamp="2024-03-08T21:02:32 IST">
  <testcase classname="com.qa.testcases.BankManagerLoginTestcase" name="customerloginpagetest" time="0.687"/>
  <testcase classname="com.qa.testcases.BankingCustomerTestcase" name="validateCustomerLogin" time="0.001"/>
  <testcase classname="com.qa.testcases.CustomerLoginPageTest" name="customerloginpagetest" time="1.54"/>
  <testcase classname="com.qa.testcases.AddToCustomerTestcase" name="customerloginpagetest" time="1.684"/>
  <testcase classname="com.qa.testcases.OpenAccountTestcase" name="customerloginpagetest" time="1.518"/>
  <testcase classname="com.qa.testcases.CustomerDepositsTestcase" name="customerloginpagetest" time="2.038"/>
  <testcase classname="com.qa.testcases.CustomerWithdrawalTestcase" name="customerloginpagetest" time="1.963"/>
  <testcase classname="com.qa.testcases.CustomerTransactionsTestcase" name="customerloginpagetest" time="1.607"/>
</testsuite> <!-- XYZ Bank Testcases -->
